<?xml version="1.0" encoding="UTF-8" ?>
<testsuite tests="2" failures="0" name="com.o2o.dao.ShopDaoTest" time="0.008" errors="0" skipped="2">
  <properties>
[...]
</properties>
  <testcase classname="com.o2o.dao.ShopDaoTest" name="updateShop" time="0.004">
    <skipped/>
    <system-err>���� 11, 2019 9:31:40 ���� org.springframework.test.context.support.DefaultTestContextBootstrapper getDefaultTestExecutionListenerClassNames
��Ϣ: Loaded default TestExecutionListener class names from location [META-INF/spring.factories]: [org.springframework.test.context.web.ServletTestExecutionListener, org.springframework.test.context.support.DirtiesContextBeforeModesTestExecutionListener, org.springframework.test.context.support.DependencyInjectionTestExecutionListener, org.springframework.test.context.support.DirtiesContextTestExecutionListener, org.springframework.test.context.transaction.TransactionalTestExecutionListener, org.springframework.test.context.jdbc.SqlScriptsTestExecutionListener]
���� 11, 2019 9:31:40 ���� org.springframework.test.context.support.DefaultTestContextBootstrapper getTestExecutionListeners
��Ϣ: Using TestExecutionListeners: [org.springframework.test.context.web.ServletTestExecutionListener@40238dd0, org.springframework.test.context.support.DirtiesContextBeforeModesTestExecutionListener@7776ab, org.springframework.test.context.support.DependencyInjectionTestExecutionListener@79179359, org.springframework.test.context.support.DirtiesContextTestExecutionListener@dbd8e44, org.springframework.test.context.transaction.TransactionalTestExecutionListener@51acdf2e, org.springframework.test.context.jdbc.SqlScriptsTestExecutionListener@6a55299e]
</system-err>
  </testcase>
  <testcase classname="com.o2o.dao.ShopDaoTest" name="testInsertShop" time="0.004">
    <skipped/>
  </testcase>
</testsuite>